#
# There is insufficient memory for the Java Runtime Environment to continue.
# Native memory allocation (malloc) failed to allocate 735888 bytes for Chunk::new
# Possible reasons:
#   The system is out of physical RAM or swap space
#   In 32 bit mode, the process size limit was hit
# Possible solutions:
#   Reduce memory load on the system
#   Increase physical memory or swap space
#   Check if swap backing store is full
#   Use 64 bit Java on a 64 bit OS
#   Decrease Java heap size (-Xmx/-Xms)
#   Decrease number of Java threads
#   Decrease Java thread stack sizes (-Xss)
#   Set larger code cache with -XX:ReservedCodeCacheSize=
# This output file may be truncated or incomplete.
#
#  Out of Memory Error (allocation.cpp:390), pid=2616, tid=4312
#
# JRE version: Java(TM) SE Runtime Environment (8.0_73-b02) (build 1.8.0_73-b02)
# Java VM: Java HotSpot(TM) 64-Bit Server VM (25.73-b02 mixed mode windows-amd64 compressed oops)
# Failed to write core dump. Minidumps are not enabled by default on client versions of Windows
#

---------------  T H R E A D  ---------------

Current thread (0x0000000016fd3000):  JavaThread "C2 CompilerThread2" daemon [_thread_in_native, id=4312, stack(0x00000000177a0000,0x00000000178a0000)]

Stack: [0x00000000177a0000,0x00000000178a0000]
[error occurred during error reporting (printing stack bounds), id 0xc0000005]

Native frames: (J=compiled Java code, j=interpreted, Vv=VM code, C=native code)


Current CompileTask:
C2: 609384 9599   !   4       com.android.utils.PositionXmlParser$DomBuilder::startElement (272 bytes)


---------------  P R O C E S S  ---------------

Java Threads: ( => current thread )
  0x000000001f935000 JavaThread "Forward streams with process: command 'C:\Program Files\Java\jdk1.8.0_73\bin\java.exe' Thread 3" [_thread_in_native, id=4828, stack(0x00000000284d0000,0x00000000285d0000)]
  0x000000001f933800 JavaThread "Forward streams with process: command 'C:\Program Files\Java\jdk1.8.0_73\bin\java.exe' Thread 2" [_thread_in_native, id=3092, stack(0x00000000283d0000,0x00000000284d0000)]
  0x000000001f937000 JavaThread "Forward streams with process: command 'C:\Program Files\Java\jdk1.8.0_73\bin\java.exe'" [_thread_blocked, id=3652, stack(0x00000000282d0000,0x00000000283d0000)]
  0x000000001b1a8800 JavaThread "Forward streams with process: command 'C:\Program Files\Java\jdk1.8.0_73\bin\java.exe' Thread 3" [_thread_in_native, id=4520, stack(0x00000000280d0000,0x00000000281d0000)]
  0x000000001b1a6000 JavaThread "Forward streams with process: command 'C:\Program Files\Java\jdk1.8.0_73\bin\java.exe' Thread 2" [_thread_in_native, id=7112, stack(0x0000000027fd0000,0x00000000280d0000)]
  0x000000001b1a9000 JavaThread "Forward streams with process: command 'C:\Program Files\Java\jdk1.8.0_73\bin\java.exe'" [_thread_blocked, id=6384, stack(0x0000000027ed0000,0x0000000027fd0000)]
  0x000000001b1ac000 JavaThread "Run command 'C:\Program Files\Java\jdk1.8.0_73\bin\java.exe'" [_thread_in_native, id=5556, stack(0x0000000027cd0000,0x0000000027dd0000)]
  0x000000001b1aa000 JavaThread "Forward streams with process: command 'C:\Program Files\Java\jdk1.8.0_73\bin\java.exe' Thread 3" [_thread_in_native, id=6860, stack(0x0000000027bd0000,0x0000000027cd0000)]
  0x000000001b1aa800 JavaThread "Forward streams with process: command 'C:\Program Files\Java\jdk1.8.0_73\bin\java.exe' Thread 2" [_thread_in_native, id=3508, stack(0x0000000027ad0000,0x0000000027bd0000)]
  0x000000001b1ab800 JavaThread "Forward streams with process: command 'C:\Program Files\Java\jdk1.8.0_73\bin\java.exe'" [_thread_blocked, id=4356, stack(0x00000000279d0000,0x0000000027ad0000)]
  0x000000001b1a0000 JavaThread "Forward streams with process: command 'C:\Program Files\Java\jdk1.8.0_73\bin\java.exe' Thread 3" [_thread_in_native, id=3624, stack(0x00000000277d0000,0x00000000278d0000)]
  0x000000001b1a7000 JavaThread "Forward streams with process: command 'C:\Program Files\Java\jdk1.8.0_73\bin\java.exe' Thread 2" [_thread_in_native, id=4040, stack(0x00000000276d0000,0x00000000277d0000)]
  0x000000001b19f800 JavaThread "Forward streams with process: command 'C:\Program Files\Java\jdk1.8.0_73\bin\java.exe'" [_thread_blocked, id=4776, stack(0x00000000275d0000,0x00000000276d0000)]
  0x000000001b1a1800 JavaThread "Run command 'C:\Program Files\Java\jdk1.8.0_73\bin\java.exe'" [_thread_in_native, id=1648, stack(0x00000000273d0000,0x00000000274d0000)]
  0x000000001b1a5800 JavaThread "Forward streams with process: command 'C:\Program Files\Java\jdk1.8.0_73\bin\java.exe' Thread 3" [_thread_in_native, id=4552, stack(0x00000000272d0000,0x00000000273d0000)]
  0x000000001b19e000 JavaThread "Forward streams with process: command 'C:\Program Files\Java\jdk1.8.0_73\bin\java.exe' Thread 2" [_thread_in_native, id=3164, stack(0x00000000271d0000,0x00000000272d0000)]
  0x000000001b1a4800 JavaThread "Forward streams with process: command 'C:\Program Files\Java\jdk1.8.0_73\bin\java.exe'" [_thread_blocked, id=4432, stack(0x00000000270d0000,0x00000000271d0000)]
  0x000000001b19d000 JavaThread "Forward streams with process: command 'C:\Program Files\Java\jdk1.8.0_73\bin\java.exe' Thread 3" [_thread_in_native, id=4236, stack(0x0000000026ed0000,0x0000000026fd0000)]
  0x000000001b1a2800 JavaThread "Forward streams with process: command 'C:\Program Files\Java\jdk1.8.0_73\bin\java.exe' Thread 2" [_thread_in_native, id=5772, stack(0x0000000026dd0000,0x0000000026ed0000)]
  0x000000001b1a4000 JavaThread "Forward streams with process: command 'C:\Program Files\Java\jdk1.8.0_73\bin\java.exe'" [_thread_blocked, id=5432, stack(0x0000000026cd0000,0x0000000026dd0000)]
  0x000000001b19e800 JavaThread "Forward streams with process: command 'C:\Program Files\Java\jdk1.8.0_73\bin\java.exe' Thread 3" [_thread_in_native, id=800, stack(0x0000000026ad0000,0x0000000026bd0000)]
  0x000000001b1a1000 JavaThread "Forward streams with process: command 'C:\Program Files\Java\jdk1.8.0_73\bin\java.exe' Thread 2" [_thread_in_native, id=6904, stack(0x00000000269d0000,0x0000000026ad0000)]
  0x000000001b1a3000 JavaThread "Forward streams with process: command 'C:\Program Files\Java\jdk1.8.0_73\bin\java.exe'" [_thread_blocked, id=4716, stack(0x00000000268d0000,0x00000000269d0000)]
  0x000000001f2c8800 JavaThread "Forward streams with process: command 'C:\Program Files\Java\jdk1.8.0_73\bin\java.exe' Thread 3" [_thread_in_native, id=6380, stack(0x00000000266d0000,0x00000000267d0000)]
  0x000000001f0d6000 JavaThread "Forward streams with process: command 'C:\Program Files\Java\jdk1.8.0_73\bin\java.exe' Thread 2" [_thread_in_native, id=6784, stack(0x00000000265d0000,0x00000000266d0000)]
  0x000000001f0d5800 JavaThread "Forward streams with process: command 'C:\Program Files\Java\jdk1.8.0_73\bin\java.exe'" [_thread_blocked, id=2952, stack(0x00000000264d0000,0x00000000265d0000)]
  0x000000001f0d4000 JavaThread "Run command 'C:\Program Files\Java\jdk1.8.0_73\bin\java.exe'" [_thread_in_native, id=7000, stack(0x00000000262d0000,0x00000000263d0000)]
  0x000000001f0cc800 JavaThread "Run command 'C:\Program Files\Java\jdk1.8.0_73\bin\java.exe'" [_thread_in_native, id=5652, stack(0x00000000261d0000,0x00000000262d0000)]
  0x000000001f0d3000 JavaThread "Run command 'C:\Program Files\Java\jdk1.8.0_73\bin\java.exe'" [_thread_in_native, id=4572, stack(0x00000000260d0000,0x00000000261d0000)]
  0x000000001f0d2800 JavaThread "Run command 'C:\Program Files\Java\jdk1.8.0_73\bin\java.exe'" [_thread_in_native, id=6624, stack(0x0000000025fd0000,0x00000000260d0000)]
  0x000000001f0cb000 JavaThread "Run command 'C:\Program Files\Java\jdk1.8.0_73\bin\java.exe'" [_thread_in_native, id=6928, stack(0x0000000025ed0000,0x0000000025fd0000)]
  0x000000001f0d1000 JavaThread "Run command 'C:\Program Files\Java\jdk1.8.0_73\bin\java.exe'" [_thread_in_native, id=372, stack(0x0000000025dd0000,0x0000000025ed0000)]
  0x000000001f0d1800 JavaThread "pool-1-thread-8" [_thread_blocked, id=5796, stack(0x00000000220d0000,0x00000000221d0000)]
  0x000000001f0ca000 JavaThread "pool-1-thread-7" [_thread_blocked, id=6136, stack(0x0000000021fd0000,0x00000000220d0000)]
  0x000000001f0c8800 JavaThread "pool-1-thread-6" [_thread_blocked, id=4896, stack(0x00000000219d0000,0x0000000021ad0000)]
  0x000000001f0c8000 JavaThread "pool-1-thread-5" [_thread_blocked, id=6160, stack(0x00000000218d0000,0x00000000219d0000)]
  0x000000001f0ce800 JavaThread "pool-1-thread-4" [_thread_blocked, id=5324, stack(0x00000000217d0000,0x00000000218d0000)]
  0x000000001f0ce000 JavaThread "pool-1-thread-3" [_thread_blocked, id=3968, stack(0x00000000216d0000,0x00000000217d0000)]
  0x000000001f0c7000 JavaThread "pool-1-thread-2" [_thread_blocked, id=5148, stack(0x00000000215d0000,0x00000000216d0000)]
  0x000000001f0cd000 JavaThread "pool-1-thread-1" [_thread_blocked, id=5608, stack(0x00000000214d0000,0x00000000215d0000)]
  0x000000001f2c4000 JavaThread "Stdin handler" [_thread_blocked, id=6148, stack(0x00000000213d0000,0x00000000214d0000)]
  0x000000001f2c5800 JavaThread "Daemon worker Thread 2" [_thread_blocked, id=6184, stack(0x00000000212d0000,0x00000000213d0000)]
  0x000000001f2c6800 JavaThread "Cancel handler" [_thread_blocked, id=5252, stack(0x00000000211d0000,0x00000000212d0000)]
  0x000000001f2c5000 JavaThread "Handler for socket connection from /127.0.0.1:64285 to /127.0.0.1:51615" [_thread_in_native, id=5300, stack(0x000000001e3a0000,0x000000001e4a0000)]
  0x000000001f2c8000 JavaThread "Daemon Thread 2" [_thread_blocked, id=6496, stack(0x000000001cf90000,0x000000001d090000)]
  0x000000001f2c9800 JavaThread "File lock request listener" [_thread_in_native, id=6440, stack(0x000000001c580000,0x000000001c680000)]
  0x0000000018b1d000 JavaThread "Incoming local TCP Connector on port 64285" [_thread_in_native, id=6892, stack(0x0000000019700000,0x0000000019800000)]
  0x0000000017079800 JavaThread "Service Thread" daemon [_thread_blocked, id=2464, stack(0x00000000179a0000,0x0000000017aa0000)]
  0x0000000016fe2000 JavaThread "C1 CompilerThread3" daemon [_thread_blocked, id=4588, stack(0x00000000178a0000,0x00000000179a0000)]
=>0x0000000016fd3000 JavaThread "C2 CompilerThread2" daemon [_thread_in_native, id=4312, stack(0x00000000177a0000,0x00000000178a0000)]
  0x0000000016fcd000 JavaThread "C2 CompilerThread1" daemon [_thread_blocked, id=2256, stack(0x00000000176a0000,0x00000000177a0000)]
  0x0000000016fc8800 JavaThread "C2 CompilerThread0" daemon [_thread_in_native, id=5604, stack(0x00000000175a0000,0x00000000176a0000)]
  0x0000000016fc7800 JavaThread "Attach Listener" daemon [_thread_blocked, id=4784, stack(0x00000000174a0000,0x00000000175a0000)]
  0x0000000014efe000 JavaThread "Signal Dispatcher" daemon [_thread_blocked, id=2460, stack(0x00000000173a0000,0x00000000174a0000)]
  0x00000000023ca800 JavaThread "Finalizer" daemon [_thread_blocked, id=5736, stack(0x0000000016dc0000,0x0000000016ec0000)]
  0x00000000023c4000 JavaThread "Reference Handler" daemon [_thread_blocked, id=6700, stack(0x0000000016cc0000,0x0000000016dc0000)]
  0x000000000229d800 JavaThread "main" [_thread_blocked, id=7052, stack(0x0000000002110000,0x0000000002210000)]

Other Threads:
  0x0000000014ee9800 VMThread [stack: 0x0000000016bc0000,0x0000000016cc0000] [id=4480]
  0x000000001708b800 WatcherThread [stack: 0x0000000017aa0000,0x0000000017ba0000] [id=4644]

VM state:not at safepoint (normal execution)

VM Mutex/Monitor currently owned by a thread: None

Heap:
 PSYoungGen      total 156160K, used 101902K [0x00000000eab00000, 0x00000000f5a80000, 0x0000000100000000)
  eden space 135168K, 72% used [0x00000000eab00000,0x00000000f0a8b9b0,0x00000000f2f00000)
  from space 20992K, 19% used [0x00000000f4300000,0x00000000f46f7f60,0x00000000f5780000)
  to   space 20480K, 0% used [0x00000000f2f00000,0x00000000f2f00000,0x00000000f4300000)
 ParOldGen       total 92672K, used 52354K [0x00000000c0000000, 0x00000000c5a80000, 0x00000000eab00000)
  object space 92672K, 56% used [0x00000000c0000000,0x00000000c3320a98,0x00000000c5a80000)
 Metaspace       used 59892K, capacity 61346K, committed 61440K, reserved 1103872K
  class space    used 7595K, capacity 7920K, committed 7936K, reserved 1048576K

Card table byte_map: [0x0000000011790000,0x00000000119a0000] byte_map_base: 0x0000000011190000

Marking Bits: (ParMarkBitMap*) 0x0000000070ac0600
 Begin Bits: [0x0000000012300000, 0x0000000013300000)
 End Bits:   [0x0000000013300000, 0x0000000014300000)

Polling page: 0x0000000000910000

CodeCache: size=245760Kb used=29758Kb max_used=30287Kb free=216001Kb
 bounds [0x00000000023d0000, 0x0000000004190000, 0x00000000113d0000]
 total_blobs=8932 nmethods=8189 adapters=653
 compilation: enabled

Compilation events (10 events):
Event: 609.178 Thread 0x0000000016fcd000 nmethod 9704 0x0000000002cb3850 code [0x0000000002cb39c0, 0x0000000002cb3c98]
Event: 609.178 Thread 0x0000000016fe2000 nmethod 9816 0x0000000003691b10 code [0x0000000003691c60, 0x0000000003691d70]
Event: 609.179 Thread 0x0000000016fcd000 9814       4       sun.security.provider.SHA::implCompress (491 bytes)
Event: 609.193 Thread 0x0000000016fcd000 nmethod 9814 0x00000000027e3610 code [0x00000000027e3760, 0x00000000027e40c8]
Event: 609.193 Thread 0x0000000016fcd000 9562       4       java.util.HashMap::entrySet (27 bytes)
Event: 609.195 Thread 0x0000000016fcd000 nmethod 9562 0x0000000003692110 code [0x0000000003692260, 0x0000000003692358]
Event: 609.199 Thread 0x0000000016fe2000 9817       3       java.lang.ProcessEnvironment::addToEnv (20 bytes)
Event: 609.200 Thread 0x0000000016fe2000 nmethod 9817 0x0000000002d90450 code [0x0000000002d90640, 0x0000000002d90f78]
Event: 609.215 Thread 0x0000000016fe2000 9818       3       java.util.concurrent.ThreadPoolExecutor::beforeExecute (1 bytes)
Event: 609.222 Thread 0x0000000016fe2000 nmethod 9818 0x0000000003afcad0 code [0x0000000003afcc20, 0x0000000003afcd70]

GC Heap History (10 events):
Event: 601.969 GC heap before
{Heap before GC invocations=15 (full 3):
 PSYoungGen      total 118272K, used 111616K [0x00000000eab00000, 0x00000000f3100000, 0x0000000100000000)
  eden space 111616K, 100% used [0x00000000eab00000,0x00000000f1800000,0x00000000f1800000)
  from space 6656K, 0% used [0x00000000f2280000,0x00000000f2280000,0x00000000f2900000)
  to   space 8192K, 0% used [0x00000000f2900000,0x00000000f2900000,0x00000000f3100000)
 ParOldGen       total 92672K, used 29648K [0x00000000c0000000, 0x00000000c5a80000, 0x00000000eab00000)
  object space 92672K, 31% used [0x00000000c0000000,0x00000000c1cf4258,0x00000000c5a80000)
 Metaspace       used 43055K, capacity 44436K, committed 44672K, reserved 1087488K
  class space    used 5891K, capacity 6208K, committed 6272K, reserved 1048576K
Event: 601.977 GC heap after
Heap after GC invocations=15 (full 3):
 PSYoungGen      total 124928K, used 8179K [0x00000000eab00000, 0x00000000f4a00000, 0x0000000100000000)
  eden space 116736K, 0% used [0x00000000eab00000,0x00000000eab00000,0x00000000f1d00000)
  from space 8192K, 99% used [0x00000000f2900000,0x00000000f30fcd20,0x00000000f3100000)
  to   space 12288K, 0% used [0x00000000f1d00000,0x00000000f1d00000,0x00000000f2900000)
 ParOldGen       total 92672K, used 29984K [0x00000000c0000000, 0x00000000c5a80000, 0x00000000eab00000)
  object space 92672K, 32% used [0x00000000c0000000,0x00000000c1d48258,0x00000000c5a80000)
 Metaspace       used 43055K, capacity 44436K, committed 44672K, reserved 1087488K
  class space    used 5891K, capacity 6208K, committed 6272K, reserved 1048576K
}
Event: 604.611 GC heap before
{Heap before GC invocations=16 (full 3):
 PSYoungGen      total 124928K, used 124915K [0x00000000eab00000, 0x00000000f4a00000, 0x0000000100000000)
  eden space 116736K, 100% used [0x00000000eab00000,0x00000000f1d00000,0x00000000f1d00000)
  from space 8192K, 99% used [0x00000000f2900000,0x00000000f30fcd20,0x00000000f3100000)
  to   space 12288K, 0% used [0x00000000f1d00000,0x00000000f1d00000,0x00000000f2900000)
 ParOldGen       total 92672K, used 29984K [0x00000000c0000000, 0x00000000c5a80000, 0x00000000eab00000)
  object space 92672K, 32% used [0x00000000c0000000,0x00000000c1d48258,0x00000000c5a80000)
 Metaspace       used 44451K, capacity 45882K, committed 46080K, reserved 1089536K
  class space    used 6048K, capacity 6369K, committed 6400K, reserved 1048576K
Event: 604.619 GC heap after
Heap after GC invocations=16 (full 3):
 PSYoungGen      total 115712K, used 2425K [0x00000000eab00000, 0x00000000f3280000, 0x0000000100000000)
  eden space 113152K, 0% used [0x00000000eab00000,0x00000000eab00000,0x00000000f1980000)
  from space 2560K, 94% used [0x00000000f1d00000,0x00000000f1f5e4e0,0x00000000f1f80000)
  to   space 12800K, 0% used [0x00000000f2600000,0x00000000f2600000,0x00000000f3280000)
 ParOldGen       total 92672K, used 34615K [0x00000000c0000000, 0x00000000c5a80000, 0x00000000eab00000)
  object space 92672K, 37% used [0x00000000c0000000,0x00000000c21cde10,0x00000000c5a80000)
 Metaspace       used 44451K, capacity 45882K, committed 46080K, reserved 1089536K
  class space    used 6048K, capacity 6369K, committed 6400K, reserved 1048576K
}
Event: 607.159 GC heap before
{Heap before GC invocations=17 (full 3):
 PSYoungGen      total 115712K, used 115577K [0x00000000eab00000, 0x00000000f3280000, 0x0000000100000000)
  eden space 113152K, 100% used [0x00000000eab00000,0x00000000f1980000,0x00000000f1980000)
  from space 2560K, 94% used [0x00000000f1d00000,0x00000000f1f5e4e0,0x00000000f1f80000)
  to   space 12800K, 0% used [0x00000000f2600000,0x00000000f2600000,0x00000000f3280000)
 ParOldGen       total 92672K, used 34615K [0x00000000c0000000, 0x00000000c5a80000, 0x00000000eab00000)
  object space 92672K, 37% used [0x00000000c0000000,0x00000000c21cde10,0x00000000c5a80000)
 Metaspace       used 53308K, capacity 54724K, committed 54784K, reserved 1097728K
  class space    used 7099K, capacity 7402K, committed 7424K, reserved 1048576K
Event: 607.173 GC heap after
Heap after GC invocations=17 (full 3):
 PSYoungGen      total 122880K, used 12784K [0x00000000eab00000, 0x00000000f3280000, 0x0000000100000000)
  eden space 110080K, 0% used [0x00000000eab00000,0x00000000eab00000,0x00000000f1680000)
  from space 12800K, 99% used [0x00000000f2600000,0x00000000f327c398,0x00000000f3280000)
  to   space 14336K, 0% used [0x00000000f1680000,0x00000000f1680000,0x00000000f2480000)
 ParOldGen       total 92672K, used 34977K [0x00000000c0000000, 0x00000000c5a80000, 0x00000000eab00000)
  object space 92672K, 37% used [0x00000000c0000000,0x00000000c22286a8,0x00000000c5a80000)
 Metaspace       used 53308K, capacity 54724K, committed 54784K, reserved 1097728K
  class space    used 7099K, capacity 7402K, committed 7424K, reserved 1048576K
}
Event: 608.148 GC heap before
{Heap before GC invocations=18 (full 3):
 PSYoungGen      total 122880K, used 122864K [0x00000000eab00000, 0x00000000f3280000, 0x0000000100000000)
  eden space 110080K, 100% used [0x00000000eab00000,0x00000000f1680000,0x00000000f1680000)
  from space 12800K, 99% used [0x00000000f2600000,0x00000000f327c398,0x00000000f3280000)
  to   space 14336K, 0% used [0x00000000f1680000,0x00000000f1680000,0x00000000f2480000)
 ParOldGen       total 92672K, used 34977K [0x00000000c0000000, 0x00000000c5a80000, 0x00000000eab00000)
  object space 92672K, 37% used [0x00000000c0000000,0x00000000c22286a8,0x00000000c5a80000)
 Metaspace       used 59042K, capacity 60484K, committed 60672K, reserved 1101824K
  class space    used 7539K, capacity 7850K, committed 7936K, reserved 1048576K
Event: 608.162 GC heap after
Heap after GC invocations=18 (full 3):
 PSYoungGen      total 124416K, used 14325K [0x00000000eab00000, 0x00000000f5780000, 0x0000000100000000)
  eden space 110080K, 0% used [0x00000000eab00000,0x00000000eab00000,0x00000000f1680000)
  from space 14336K, 99% used [0x00000000f1680000,0x00000000f247d7d0,0x00000000f2480000)
  to   space 20992K, 0% used [0x00000000f4300000,0x00000000f4300000,0x00000000f5780000)
 ParOldGen       total 92672K, used 47130K [0x00000000c0000000, 0x00000000c5a80000, 0x00000000eab00000)
  object space 92672K, 50% used [0x00000000c0000000,0x00000000c2e06b10,0x00000000c5a80000)
 Metaspace       used 59042K, capacity 60484K, committed 60672K, reserved 1101824K
  class space    used 7539K, capacity 7850K, committed 7936K, reserved 1048576K
}
Event: 608.759 GC heap before
{Heap before GC invocations=19 (full 3):
 PSYoungGen      total 124416K, used 124405K [0x00000000eab00000, 0x00000000f5780000, 0x0000000100000000)
  eden space 110080K, 100% used [0x00000000eab00000,0x00000000f1680000,0x00000000f1680000)
  from space 14336K, 99% used [0x00000000f1680000,0x00000000f247d7d0,0x00000000f2480000)
  to   space 20992K, 0% used [0x00000000f4300000,0x00000000f4300000,0x00000000f5780000)
 ParOldGen       total 92672K, used 47130K [0x00000000c0000000, 0x00000000c5a80000, 0x00000000eab00000)
  object space 92672K, 50% used [0x00000000c0000000,0x00000000c2e06b10,0x00000000c5a80000)
 Metaspace       used 59657K, capacity 61028K, committed 61184K, reserved 1101824K
  class space    used 7564K, capacity 7882K, committed 7936K, reserved 1048576K
Event: 608.771 GC heap after
Heap after GC invocations=19 (full 3):
 PSYoungGen      total 156160K, used 4063K [0x00000000eab00000, 0x00000000f5a80000, 0x0000000100000000)
  eden space 135168K, 0% used [0x00000000eab00000,0x00000000eab00000,0x00000000f2f00000)
  from space 20992K, 19% used [0x00000000f4300000,0x00000000f46f7f60,0x00000000f5780000)
  to   space 20480K, 0% used [0x00000000f2f00000,0x00000000f2f00000,0x00000000f4300000)
 ParOldGen       total 92672K, used 52354K [0x00000000c0000000, 0x00000000c5a80000, 0x00000000eab00000)
  object space 92672K, 56% used [0x00000000c0000000,0x00000000c3320a98,0x00000000c5a80000)
 Metaspace       used 59657K, capacity 61028K, committed 61184K, reserved 1101824K
  class space    used 7564K, capacity 7882K, committed 7936K, reserved 1048576K
}

Deoptimization events (10 events):
Event: 608.844 Thread 0x000000001f2c5800 Uncommon trap: reason=class_check action=maybe_recompile pc=0x00000000040b08cc method=com.android.tools.lint.client.api.ResourceVisitor.visitElement(Lcom/android/tools/lint/detector/api/XmlContext;Lorg/w3c/dom/Element;)V @ 126
Event: 608.844 Thread 0x000000001f2c5800 Uncommon trap: reason=class_check action=maybe_recompile pc=0x00000000040b08cc method=com.android.tools.lint.client.api.ResourceVisitor.visitElement(Lcom/android/tools/lint/detector/api/XmlContext;Lorg/w3c/dom/Element;)V @ 126
Event: 608.844 Thread 0x000000001f2c5800 Uncommon trap: reason=class_check action=maybe_recompile pc=0x00000000040b08cc method=com.android.tools.lint.client.api.ResourceVisitor.visitElement(Lcom/android/tools/lint/detector/api/XmlContext;Lorg/w3c/dom/Element;)V @ 126
Event: 608.950 Thread 0x000000001f2c5800 Uncommon trap: reason=class_check action=maybe_recompile pc=0x00000000040b08cc method=com.android.tools.lint.client.api.ResourceVisitor.visitElement(Lcom/android/tools/lint/detector/api/XmlContext;Lorg/w3c/dom/Element;)V @ 126
Event: 609.040 Thread 0x000000001f2c5800 Uncommon trap: reason=unstable_if action=reinterpret pc=0x000000000413170c method=java.io.WinNTFileSystem.normalizePrefix(Ljava/lang/String;ILjava/lang/StringBuffer;)I @ 62
Event: 609.092 Thread 0x000000001f2c5800 Uncommon trap: reason=bimorphic action=maybe_recompile pc=0x0000000002e94dfc method=java.util.AbstractList$Itr.next()Ljava/lang/Object; @ 14
Event: 609.092 Thread 0x000000001f2c5800 Uncommon trap: reason=bimorphic action=maybe_recompile pc=0x0000000002e94dfc method=java.util.AbstractList$Itr.next()Ljava/lang/Object; @ 14
Event: 609.092 Thread 0x000000001f2c5800 Uncommon trap: reason=bimorphic action=maybe_recompile pc=0x0000000002e94dfc method=java.util.AbstractList$Itr.next()Ljava/lang/Object; @ 14
Event: 609.092 Thread 0x000000001f2c5800 Uncommon trap: reason=bimorphic action=maybe_recompile pc=0x0000000002e94dfc method=java.util.AbstractList$Itr.next()Ljava/lang/Object; @ 14
Event: 609.097 Thread 0x000000001f0ce800 Uncommon trap: reason=unstable_if action=reinterpret pc=0x0000000002630c8c method=java.lang.ThreadLocal.get()Ljava/lang/Object; @ 11

Internal exceptions (10 events):
Event: 607.659 Thread 0x000000001f2c5800 Exception <a 'java/lang/ArrayIndexOutOfBoundsException'> (0x00000000ee081870) thrown at [D:\re\puppet\workspace\8-2-build-windows-amd64-cygwin\jdk8u73\6086\hotspot\src\share\vm\runtime\sharedRuntime.cpp, line 605]
Event: 607.661 Thread 0x000000001f2c5800 Exception <a 'java/lang/ArrayIndexOutOfBoundsException'> (0x00000000ee0835f8) thrown at [D:\re\puppet\workspace\8-2-build-windows-amd64-cygwin\jdk8u73\6086\hotspot\src\share\vm\runtime\sharedRuntime.cpp, line 605]
Event: 607.692 Thread 0x000000001f2c5800 Exception <a 'java/lang/ArrayIndexOutOfBoundsException'> (0x00000000ee108e28) thrown at [D:\re\puppet\workspace\8-2-build-windows-amd64-cygwin\jdk8u73\6086\hotspot\src\share\vm\runtime\sharedRuntime.cpp, line 605]
Event: 607.693 Thread 0x000000001f2c5800 Exception <a 'java/lang/ArrayIndexOutOfBoundsException'> (0x00000000ee112100) thrown at [D:\re\puppet\workspace\8-2-build-windows-amd64-cygwin\jdk8u73\6086\hotspot\src\share\vm\runtime\sharedRuntime.cpp, line 605]
Event: 607.707 Thread 0x000000001f2c5800 Exception <a 'java/lang/ArrayIndexOutOfBoundsException'> (0x00000000ee22c780) thrown at [D:\re\puppet\workspace\8-2-build-windows-amd64-cygwin\jdk8u73\6086\hotspot\src\share\vm\runtime\sharedRuntime.cpp, line 605]
Event: 607.708 Thread 0x000000001f2c5800 Exception <a 'java/lang/ArrayIndexOutOfBoundsException'> (0x00000000ee233ca0) thrown at [D:\re\puppet\workspace\8-2-build-windows-amd64-cygwin\jdk8u73\6086\hotspot\src\share\vm\runtime\sharedRuntime.cpp, line 605]
Event: 607.729 Thread 0x000000001f2c5800 Exception <a 'java/lang/ArrayIndexOutOfBoundsException'> (0x00000000ee35c078) thrown at [D:\re\puppet\workspace\8-2-build-windows-amd64-cygwin\jdk8u73\6086\hotspot\src\share\vm\runtime\sharedRuntime.cpp, line 605]
Event: 607.730 Thread 0x000000001f2c5800 Exception <a 'java/lang/ArrayIndexOutOfBoundsException'> (0x00000000ee369260) thrown at [D:\re\puppet\workspace\8-2-build-windows-amd64-cygwin\jdk8u73\6086\hotspot\src\share\vm\runtime\sharedRuntime.cpp, line 605]
Event: 607.731 Thread 0x000000001f2c5800 Exception <a 'java/lang/ArrayIndexOutOfBoundsException'> (0x00000000ee36a808) thrown at [D:\re\puppet\workspace\8-2-build-windows-amd64-cygwin\jdk8u73\6086\hotspot\src\share\vm\runtime\sharedRuntime.cpp, line 605]
Event: 609.097 Thread 0x000000001f0ce800 Implicit null exception at 0x0000000002630be8 to 0x0000000002630c79

Events (10 events):
Event: 609.205 Thread 0x000000001f937000 Thread added: 0x000000001f937000
Event: 609.206 Thread 0x000000001f933800 Thread added: 0x000000001f933800
Event: 609.206 Thread 0x000000001f935000 Thread added: 0x000000001f935000
Event: 609.216 Executing VM operation: RevokeBias
Event: 609.222 Executing VM operation: RevokeBias done
Event: 609.222 Thread 0x000000001b1a7800 Thread exited: 0x000000001b1a7800
Event: 609.222 Thread 0x0000000016fe2000 flushing nmethod 0x0000000003174490
Event: 609.223 Executing VM operation: RevokeBias
Event: 609.223 Executing VM operation: RevokeBias done
Event: 609.223 Thread 0x000000001f0d4800 Thread exited: 0x000000001f0d4800


Dynamic libraries:
0x00007ff643fa0000 - 0x00007ff643fd7000 	C:\Program Files\Java\jdk1.8.0_73\bin\java.exe
0x00007ff93f380000 - 0x00007ff93f541000 	C:\WINDOWS\SYSTEM32\ntdll.dll
0x00007ff93c7f0000 - 0x00007ff93c89d000 	C:\WINDOWS\system32\KERNEL32.DLL
0x00007ff93c590000 - 0x00007ff93c778000 	C:\WINDOWS\system32\KERNELBASE.dll
0x00007ff93ca00000 - 0x00007ff93caa7000 	C:\WINDOWS\system32\ADVAPI32.dll
0x00007ff93e860000 - 0x00007ff93e8fd000 	C:\WINDOWS\system32\msvcrt.dll
0x00007ff93f320000 - 0x00007ff93f37b000 	C:\WINDOWS\system32\sechost.dll
0x00007ff93f1a0000 - 0x00007ff93f2bc000 	C:\WINDOWS\system32\RPCRT4.dll
0x00007ff93eb10000 - 0x00007ff93ec66000 	C:\WINDOWS\system32\USER32.dll
0x00007ff93ee30000 - 0x00007ff93efb6000 	C:\WINDOWS\system32\GDI32.dll
0x00007ff92ef00000 - 0x00007ff92f174000 	C:\WINDOWS\WinSxS\amd64_microsoft.windows.common-controls_6595b64144ccf1df_6.0.10586.0_none_8c15ae12515e1c22\COMCTL32.dll
0x00007ff93cbf0000 - 0x00007ff93ce6d000 	C:\WINDOWS\system32\combase.dll
0x00007ff93bda0000 - 0x00007ff93be0a000 	C:\WINDOWS\system32\bcryptPrimitives.dll
0x00007ff93e3d0000 - 0x00007ff93e40b000 	C:\WINDOWS\system32\IMM32.DLL
0x00000000701d0000 - 0x00000000702a2000 	C:\Program Files\Java\jdk1.8.0_73\jre\bin\msvcr100.dll
0x00000000702b0000 - 0x0000000070b40000 	C:\Program Files\Java\jdk1.8.0_73\jre\bin\server\jvm.dll
0x00007ff93c8a0000 - 0x00007ff93c8a8000 	C:\WINDOWS\system32\PSAPI.DLL
0x00007ff934040000 - 0x00007ff934049000 	C:\WINDOWS\SYSTEM32\WSOCK32.dll
0x00007ff939ad0000 - 0x00007ff939af3000 	C:\WINDOWS\SYSTEM32\WINMM.dll
0x00007ff935080000 - 0x00007ff93508a000 	C:\WINDOWS\SYSTEM32\VERSION.dll
0x00007ff93c780000 - 0x00007ff93c7eb000 	C:\WINDOWS\system32\WS2_32.dll
0x0000000000940000 - 0x000000000096c000 	C:\WINDOWS\SYSTEM32\WINMMBASE.dll
0x00007ff93c540000 - 0x00007ff93c583000 	C:\WINDOWS\system32\cfgmgr32.dll
0x00000000701c0000 - 0x00000000701cf000 	C:\Program Files\Java\jdk1.8.0_73\jre\bin\verify.dll
0x0000000070190000 - 0x00000000701b9000 	C:\Program Files\Java\jdk1.8.0_73\jre\bin\java.dll
0x0000000070170000 - 0x0000000070186000 	C:\Program Files\Java\jdk1.8.0_73\jre\bin\zip.dll
0x00007ff93ce70000 - 0x00007ff93e3cc000 	C:\WINDOWS\system32\SHELL32.dll
0x00007ff93be10000 - 0x00007ff93c455000 	C:\WINDOWS\system32\windows.storage.dll
0x00007ff93f2c0000 - 0x00007ff93f312000 	C:\WINDOWS\system32\shlwapi.dll
0x00007ff93b9d0000 - 0x00007ff93b9df000 	C:\WINDOWS\system32\kernel.appcore.dll
0x00007ff93c480000 - 0x00007ff93c535000 	C:\WINDOWS\system32\shcore.dll
0x00007ff93b9e0000 - 0x00007ff93ba2b000 	C:\WINDOWS\system32\powrprof.dll
0x00007ff93b9a0000 - 0x00007ff93b9b4000 	C:\WINDOWS\system32\profapi.dll
0x0000000070150000 - 0x000000007016a000 	C:\Program Files\Java\jdk1.8.0_73\jre\bin\net.dll
0x00007ff93b270000 - 0x00007ff93b2cc000 	C:\WINDOWS\system32\mswsock.dll
0x0000000070130000 - 0x0000000070141000 	C:\Program Files\Java\jdk1.8.0_73\jre\bin\nio.dll
0x00007ff922f10000 - 0x00007ff922f22000 	C:\Users\AndroidStudio\.gradle\native\19\windows-amd64\native-platform.dll
0x00007ff938360000 - 0x00007ff938398000 	C:\WINDOWS\SYSTEM32\IPHLPAPI.DLL
0x00007ff93ec70000 - 0x00007ff93ec78000 	C:\WINDOWS\system32\NSI.dll
0x00007ff937590000 - 0x00007ff9375a6000 	C:\WINDOWS\SYSTEM32\dhcpcsvc6.DLL
0x00007ff9374d0000 - 0x00007ff9374ea000 	C:\WINDOWS\SYSTEM32\dhcpcsvc.DLL
0x00007ff93b320000 - 0x00007ff93b337000 	C:\WINDOWS\SYSTEM32\CRYPTSP.dll
0x00007ff93afb0000 - 0x00007ff93afe4000 	C:\WINDOWS\system32\rsaenh.dll
0x00007ff93b8d0000 - 0x00007ff93b8f9000 	C:\WINDOWS\SYSTEM32\bcrypt.dll
0x00007ff93b100000 - 0x00007ff93b11f000 	C:\WINDOWS\SYSTEM32\USERENV.dll
0x00007ff93b440000 - 0x00007ff93b44b000 	C:\WINDOWS\SYSTEM32\CRYPTBASE.dll
0x000000006ff30000 - 0x000000006ff3d000 	C:\Program Files\Java\jdk1.8.0_73\jre\bin\management.dll

VM Arguments:
jvm_args: -XX:MaxPermSize=256m -XX:+HeapDumpOnOutOfMemoryError -Xmx1024m -Dfile.encoding=windows-1257 -Duser.country=US -Duser.language=en -Duser.variant 
java_command: org.gradle.launcher.daemon.bootstrap.GradleDaemon 2.8
java_class_path (initial): C:\Program Files\Android\Android Studio\gradle\gradle-2.8\lib\gradle-launcher-2.8.jar
Launcher Type: SUN_STANDARD

Environment Variables:
PATH=C:\ProgramData\Oracle\Java\javapath;C:\WINDOWS\system32;C:\WINDOWS;C:\WINDOWS\System32\Wbem;C:\WINDOWS\System32\WindowsPowerShell\v1.0\
USERNAME=AndroidStudio
OS=Windows_NT
PROCESSOR_IDENTIFIER=Intel64 Family 6 Model 45 Stepping 7, GenuineIntel



---------------  S Y S T E M  ---------------

OS: Windows 10.0 , 64 bit Build 10586 (10.0.10586.0)

CPU:total 8 (4 cores per cpu, 1 threads per core) family 6 model 45 stepping 7, cmov, cx8, fxsr, mmx, sse, sse2, sse3, ssse3, sse4.1, sse4.2, popcnt, avx, aes, clmul, tsc, tscinvbit, tscinv

Memory: 4k page, physical 8388148k(2867348k free), swap 8388148k(7344k free)

vm_info: Java HotSpot(TM) 64-Bit Server VM (25.73-b02) for windows-amd64 JRE (1.8.0_73-b02), built on Jan 29 2016 17:38:49 by "java_re" with MS VC++ 10.0 (VS2010)

time: Wed Mar 02 21:28:20 2016
elapsed time: 609 seconds (0d 0h 10m 9s)

