#
# There is insufficient memory for the Java Runtime Environment to continue.
# Native memory allocation (malloc) failed to allocate 111296 bytes for Chunk::new
# Possible reasons:
#   The system is out of physical RAM or swap space
#   In 32 bit mode, the process size limit was hit
# Possible solutions:
#   Reduce memory load on the system
#   Increase physical memory or swap space
#   Check if swap backing store is full
#   Use 64 bit Java on a 64 bit OS
#   Decrease Java heap size (-Xmx/-Xms)
#   Decrease number of Java threads
#   Decrease Java thread stack sizes (-Xss)
#   Set larger code cache with -XX:ReservedCodeCacheSize=
# This output file may be truncated or incomplete.
#
#  Out of Memory Error (allocation.cpp:390), pid=5900, tid=544
#
# JRE version: Java(TM) SE Runtime Environment (8.0_73-b02) (build 1.8.0_73-b02)
# Java VM: Java HotSpot(TM) 64-Bit Server VM (25.73-b02 mixed mode windows-amd64 compressed oops)
# Failed to write core dump. Minidumps are not enabled by default on client versions of Windows
#

---------------  T H R E A D  ---------------

Current thread (0x0000000016e31000):  JavaThread "C2 CompilerThread1" daemon [_thread_in_native, id=544, stack(0x0000000017500000,0x0000000017600000)]

Stack: [0x0000000017500000,0x0000000017600000]
[error occurred during error reporting (printing stack bounds), id 0xc0000005]

Native frames: (J=compiled Java code, j=interpreted, Vv=VM code, C=native code)


Current CompileTask:
C2:    919  522       4       java.util.HashMap::get (23 bytes)


---------------  P R O C E S S  ---------------

Java Threads: ( => current thread )
  0x00000000170f2000 JavaThread "pool-1-thread-4" [_thread_in_Java, id=4788, stack(0x0000000017e00000,0x0000000017f00000)]
  0x000000001701b000 JavaThread "pool-1-thread-3" [_thread_in_vm, id=1844, stack(0x0000000017d00000,0x0000000017e00000)]
  0x0000000016fdd000 JavaThread "pool-1-thread-2" [_thread_in_vm, id=5788, stack(0x0000000017c00000,0x0000000017d00000)]
  0x0000000016fd7000 JavaThread "pool-2-thread-1" [_thread_blocked, id=4656, stack(0x0000000017b00000,0x0000000017c00000)]
  0x0000000016fd4800 JavaThread "pool-1-thread-1" [_thread_in_vm, id=1616, stack(0x0000000017a00000,0x0000000017b00000)]
  0x0000000016ec4000 JavaThread "Service Thread" daemon [_thread_blocked, id=4708, stack(0x0000000017800000,0x0000000017900000)]
  0x0000000014d4e000 JavaThread "C1 CompilerThread3" daemon [_thread_in_native, id=4728, stack(0x0000000017700000,0x0000000017800000)]
  0x0000000016e33000 JavaThread "C2 CompilerThread2" daemon [_thread_in_native, id=140, stack(0x0000000017600000,0x0000000017700000)]
=>0x0000000016e31000 JavaThread "C2 CompilerThread1" daemon [_thread_in_native, id=544, stack(0x0000000017500000,0x0000000017600000)]
  0x0000000016e2c800 JavaThread "C2 CompilerThread0" daemon [_thread_in_native, id=5816, stack(0x0000000017400000,0x0000000017500000)]
  0x0000000016e2b000 JavaThread "Attach Listener" daemon [_thread_blocked, id=1100, stack(0x0000000017300000,0x0000000017400000)]
  0x0000000016e29800 JavaThread "Signal Dispatcher" daemon [_thread_blocked, id=3960, stack(0x0000000017200000,0x0000000017300000)]
  0x0000000002218800 JavaThread "Finalizer" daemon [_thread_blocked, id=3596, stack(0x0000000016c00000,0x0000000016d00000)]
  0x0000000002212000 JavaThread "Reference Handler" daemon [_thread_blocked, id=4220, stack(0x0000000016b00000,0x0000000016c00000)]
  0x0000000002120800 JavaThread "main" [_thread_blocked, id=5460, stack(0x0000000002020000,0x0000000002120000)]

Other Threads:
  0x0000000014d39000 VMThread [stack: 0x0000000016a00000,0x0000000016b00000] [id=5008]
  0x0000000016ed9800 WatcherThread [stack: 0x0000000017900000,0x0000000017a00000] [id=608]

VM state:not at safepoint (normal execution)

VM Mutex/Monitor currently owned by a thread: None

Heap:
 PSYoungGen      total 38400K, used 12237K [0x00000000eab00000, 0x00000000ed580000, 0x0000000100000000)
  eden space 33280K, 36% used [0x00000000eab00000,0x00000000eb6f3650,0x00000000ecb80000)
  from space 5120K, 0% used [0x00000000ed080000,0x00000000ed080000,0x00000000ed580000)
  to   space 5120K, 0% used [0x00000000ecb80000,0x00000000ecb80000,0x00000000ed080000)
 ParOldGen       total 87552K, used 0K [0x00000000c0000000, 0x00000000c5580000, 0x00000000eab00000)
  object space 87552K, 0% used [0x00000000c0000000,0x00000000c0000000,0x00000000c5580000)
 Metaspace       used 5432K, capacity 6448K, committed 6528K, reserved 1056768K
  class space    used 590K, capacity 616K, committed 640K, reserved 1048576K

Card table byte_map: [0x00000000115e0000,0x00000000117f0000] byte_map_base: 0x0000000010fe0000

Marking Bits: (ParMarkBitMap*) 0x000000006ab90600
 Begin Bits: [0x0000000012150000, 0x0000000013150000)
 End Bits:   [0x0000000013150000, 0x0000000014150000)

Polling page: 0x00000000004f0000

CodeCache: size=245760Kb used=2028Kb max_used=2038Kb free=243731Kb
 bounds [0x0000000002220000, 0x0000000002490000, 0x0000000011220000]
 total_blobs=787 nmethods=518 adapters=182
 compilation: enabled

Compilation events (10 events):
Event: 0.915 Thread 0x0000000016e31000  522       4       java.util.HashMap::get (23 bytes)
Event: 0.916 Thread 0x0000000014d4e000 nmethod 511 0x0000000002416ad0 code [0x0000000002416e20, 0x0000000002418dd8]
Event: 0.916 Thread 0x0000000014d4e000  518       3       com.android.dx.ssa.SsaMethod$2::addToUses (48 bytes)
Event: 0.916 Thread 0x0000000016e33000  523       4       java.lang.String::compareTo (78 bytes)
Event: 0.917 Thread 0x0000000016e2c800 nmethod 514 0x00000000024107d0 code [0x0000000002410920, 0x0000000002410b38]
Event: 0.917 Thread 0x0000000016e2c800  525       4       com.android.dx.ssa.NormalSsaInsn::accept (25 bytes)
Event: 0.917 Thread 0x0000000014d4e000 nmethod 518 0x00000000024156d0 code [0x00000000024158c0, 0x0000000002416448]
Event: 0.917 Thread 0x0000000014d4e000  524       3       com.android.dx.ssa.SsaMethod$2::visitNonMoveInsn (6 bytes)
Event: 0.917 Thread 0x0000000014d4e000 nmethod 524 0x0000000002415350 code [0x00000000024154c0, 0x0000000002415648]
Event: 0.917 Thread 0x0000000014d4e000  529       3       com.android.dx.util.IntList::binarysearch (124 bytes)

GC Heap History (0 events):
No events

Deoptimization events (0 events):
No events

Internal exceptions (2 events):
Event: 0.084 Thread 0x0000000002120800 Exception <a 'java/lang/NoSuchMethodError': Method sun.misc.Unsafe.defineClass(Ljava/lang/String;[BII)Ljava/lang/Class; name or signature does not match> (0x00000000eab13120) thrown at [D:\re\puppet\workspace\8-2-build-windows-amd64-cygwin\jdk8u73\6086\hot[”÷›¦¡µ?
Event: 0.084 Thread 0x0000000002120800 Exception <a 'java/lang/NoSuchMethodError': Method sun.misc.Unsafe.prefetchRead(Ljava/lang/Object;J)V name or signature does not match> (0x00000000eab13408) thrown at [D:\re\puppet\workspace\8-2-build-windows-amd64-cygwin\jdk8u73\6086\hotspot\src\share\vm\

Events (10 events):
Event: 0.860 loading class java/io/PrintWriter
Event: 0.860 loading class java/io/PrintWriter done
Event: 0.860 loading class com/android/dx/dex/file/DebugInfoItem
Event: 0.860 loading class com/android/dx/dex/file/DebugInfoItem done
Event: 0.861 loading class com/android/dx/rop/annotation/AnnotationsList
Event: 0.861 loading class com/android/dx/rop/annotation/AnnotationsList done
Event: 0.861 loading class com/android/dx/dex/file/MethodIdItem
Event: 0.861 loading class com/android/dx/dex/file/MethodIdItem done
Event: 0.882 loading class com/android/dx/ssa/PhiInsn$Operand
Event: 0.882 loading class com/android/dx/ssa/PhiInsn$Operand done


Dynamic libraries:
0x00007ff728ff0000 - 0x00007ff729027000 	C:\Program Files\Java\jdk1.8.0_73\bin\java.exe
0x00007ffba2900000 - 0x00007ffba2ac1000 	C:\WINDOWS\SYSTEM32\ntdll.dll
0x00007ffba0bc0000 - 0x00007ffba0c6d000 	C:\WINDOWS\system32\KERNEL32.DLL
0x00007ffb9efb0000 - 0x00007ffb9f198000 	C:\WINDOWS\system32\KERNELBASE.dll
0x00007ffba0b10000 - 0x00007ffba0bb7000 	C:\WINDOWS\system32\ADVAPI32.dll
0x00007ffba0c70000 - 0x00007ffba0d0d000 	C:\WINDOWS\system32\msvcrt.dll
0x00007ffba0460000 - 0x00007ffba04bb000 	C:\WINDOWS\system32\sechost.dll
0x00007ffb9fe60000 - 0x00007ffb9ff7c000 	C:\WINDOWS\system32\RPCRT4.dll
0x00007ffba04f0000 - 0x00007ffba0646000 	C:\WINDOWS\system32\USER32.dll
0x00007ffba0980000 - 0x00007ffba0b06000 	C:\WINDOWS\system32\GDI32.dll
0x00007ffb91bd0000 - 0x00007ffb91e44000 	C:\WINDOWS\WinSxS\amd64_microsoft.windows.common-controls_6595b64144ccf1df_6.0.10586.0_none_8c15ae12515e1c22\COMCTL32.dll
0x00007ffba01e0000 - 0x00007ffba045d000 	C:\WINDOWS\system32\combase.dll
0x00007ffb9f250000 - 0x00007ffb9f2ba000 	C:\WINDOWS\system32\bcryptPrimitives.dll
0x00007ffba0e60000 - 0x00007ffba0e9b000 	C:\WINDOWS\system32\IMM32.DLL
0x000000006a2a0000 - 0x000000006a372000 	C:\Program Files\Java\jdk1.8.0_73\jre\bin\msvcr100.dll
0x000000006a380000 - 0x000000006ac10000 	C:\Program Files\Java\jdk1.8.0_73\jre\bin\server\jvm.dll
0x00007ffba04e0000 - 0x00007ffba04e8000 	C:\WINDOWS\system32\PSAPI.DLL
0x00007ffb971f0000 - 0x00007ffb971f9000 	C:\WINDOWS\SYSTEM32\WSOCK32.dll
0x00007ffb9d510000 - 0x00007ffb9d533000 	C:\WINDOWS\SYSTEM32\WINMM.dll
0x00007ffba0d10000 - 0x00007ffba0d7b000 	C:\WINDOWS\system32\WS2_32.dll
0x00007ffb97a30000 - 0x00007ffb97a3a000 	C:\WINDOWS\SYSTEM32\VERSION.dll
0x00007ffb9d4e0000 - 0x00007ffb9d50c000 	C:\WINDOWS\SYSTEM32\WINMMBASE.dll
0x00007ffb9fc50000 - 0x00007ffb9fc93000 	C:\WINDOWS\system32\cfgmgr32.dll
0x000000006a290000 - 0x000000006a29f000 	C:\Program Files\Java\jdk1.8.0_73\jre\bin\verify.dll
0x000000006a260000 - 0x000000006a289000 	C:\Program Files\Java\jdk1.8.0_73\jre\bin\java.dll
0x000000006a240000 - 0x000000006a256000 	C:\Program Files\Java\jdk1.8.0_73\jre\bin\zip.dll
0x00007ffba0ea0000 - 0x00007ffba23fc000 	C:\WINDOWS\system32\SHELL32.dll
0x00007ffb9f380000 - 0x00007ffb9f9c5000 	C:\WINDOWS\system32\windows.storage.dll
0x00007ffba2470000 - 0x00007ffba24c2000 	C:\WINDOWS\system32\shlwapi.dll
0x00007ffb9ef70000 - 0x00007ffb9ef7f000 	C:\WINDOWS\system32\kernel.appcore.dll
0x00007ffb9f2c0000 - 0x00007ffb9f375000 	C:\WINDOWS\system32\shcore.dll
0x00007ffb9ef20000 - 0x00007ffb9ef6b000 	C:\WINDOWS\system32\powrprof.dll
0x00007ffb9ef90000 - 0x00007ffb9efa4000 	C:\WINDOWS\system32\profapi.dll

VM Arguments:
jvm_args: -Djava.awt.headless=true -Xmx1024M -Dfile.encoding=windows-1257 -Duser.country=US -Duser.language=en -Duser.variant 
java_command: com.android.dx.command.Main --dex --num-threads=4 --output C:\Users\AndroidStudio\AndroidStudioProjects\Kalkulaator_I\app\build\intermediates\pre-dexed\debug\com.android.support-percent-23.1.1_74aa33e46864e2cf10a7cfe14763335030bed31c.jar C:\Users\AndroidStudio\AndroidStudioProjects\Kalkulaator_I\app\build\intermediates\exploded-aar\com.android.support\percent\23.1.1\jars\classes.jar
java_class_path (initial): C:\Users\AndroidStudio\AppData\Local\Android\sdk\build-tools\23.0.2\lib\dx.jar
Launcher Type: SUN_STANDARD

Environment Variables:
PATH=C:\ProgramData\Oracle\Java\javapath;C:\WINDOWS\system32;C:\WINDOWS;C:\WINDOWS\System32\Wbem;C:\WINDOWS\System32\WindowsPowerShell\v1.0\
USERNAME=AndroidStudio
OS=Windows_NT
PROCESSOR_IDENTIFIER=Intel64 Family 6 Model 45 Stepping 7, GenuineIntel



---------------  S Y S T E M  ---------------

OS: Windows 10.0 , 64 bit Build 10586 (10.0.10586.0)

CPU:total 8 (4 cores per cpu, 1 threads per core) family 6 model 45 stepping 7, cmov, cx8, fxsr, mmx, sse, sse2, sse3, ssse3, sse4.1, sse4.2, popcnt, avx, aes, clmul, tsc, tscinvbit, tscinv

Memory: 4k page, physical 8388148k(2338932k free), swap 8388148k(4140k free)

vm_info: Java HotSpot(TM) 64-Bit Server VM (25.73-b02) for windows-amd64 JRE (1.8.0_73-b02), built on Jan 29 2016 17:38:49 by "java_re" with MS VC++ 10.0 (VS2010)

time: Thu Mar 03 14:29:18 2016
elapsed time: 0 seconds (0d 0h 0m 0s)

