#
# There is insufficient memory for the Java Runtime Environment to continue.
# Native memory allocation (malloc) failed to allocate 59696 bytes for Chunk::new
# Possible reasons:
#   The system is out of physical RAM or swap space
#   In 32 bit mode, the process size limit was hit
# Possible solutions:
#   Reduce memory load on the system
#   Increase physical memory or swap space
#   Check if swap backing store is full
#   Use 64 bit Java on a 64 bit OS
#   Decrease Java heap size (-Xmx/-Xms)
#   Decrease number of Java threads
#   Decrease Java thread stack sizes (-Xss)
#   Set larger code cache with -XX:ReservedCodeCacheSize=
# This output file may be truncated or incomplete.
#
#  Out of Memory Error (allocation.cpp:390), pid=6596, tid=6920
#
# JRE version: Java(TM) SE Runtime Environment (8.0_73-b02) (build 1.8.0_73-b02)
# Java VM: Java HotSpot(TM) 64-Bit Server VM (25.73-b02 mixed mode windows-amd64 compressed oops)
# Failed to write core dump. Minidumps are not enabled by default on client versions of Windows
#

---------------  T H R E A D  ---------------

Current thread (0x0000000016ec7800):  JavaThread "C2 CompilerThread0" daemon [_thread_in_native, id=6920, stack(0x00000000174a0000,0x00000000175a0000)]

Stack: [0x00000000174a0000,0x00000000175a0000]
[error occurred during error reporting (printing stack bounds), id 0xc0000005]

Native frames: (J=compiled Java code, j=interpreted, Vv=VM code, C=native code)


Current CompileTask:
C2:    838  146       4       java.util.regex.Pattern$BnM::optimize (179 bytes)


---------------  P R O C E S S  ---------------

Java Threads: ( => current thread )
  0x0000000016ee1800 JavaThread "Service Thread" daemon [_thread_blocked, id=5452, stack(0x00000000178a0000,0x00000000179a0000)]
  0x0000000016ed4800 JavaThread "C1 CompilerThread3" daemon [_thread_blocked, id=6440, stack(0x00000000177a0000,0x00000000178a0000)]
  0x0000000016ece000 JavaThread "C2 CompilerThread2" daemon [_thread_blocked, id=4512, stack(0x00000000176a0000,0x00000000177a0000)]
  0x0000000016ecc000 JavaThread "C2 CompilerThread1" daemon [_thread_in_native, id=3420, stack(0x00000000175a0000,0x00000000176a0000)]
=>0x0000000016ec7800 JavaThread "C2 CompilerThread0" daemon [_thread_in_native, id=6920, stack(0x00000000174a0000,0x00000000175a0000)]
  0x0000000016ec6800 JavaThread "Attach Listener" daemon [_thread_blocked, id=5532, stack(0x00000000173a0000,0x00000000174a0000)]
  0x0000000016ec5800 JavaThread "Signal Dispatcher" daemon [_thread_blocked, id=2356, stack(0x00000000172a0000,0x00000000173a0000)]
  0x00000000022d3000 JavaThread "Finalizer" daemon [_thread_blocked, id=2648, stack(0x0000000016cc0000,0x0000000016dc0000)]
  0x00000000022d2000 JavaThread "Reference Handler" daemon [_thread_blocked, id=4840, stack(0x0000000016bc0000,0x0000000016cc0000)]
  0x00000000021e0800 JavaThread "main" [_thread_in_Java, id=6876, stack(0x0000000001f70000,0x0000000002070000)]

Other Threads:
  0x0000000014df9000 VMThread [stack: 0x0000000016ac0000,0x0000000016bc0000] [id=3108]
  0x0000000016f4e800 WatcherThread [stack: 0x00000000179a0000,0x0000000017aa0000] [id=6052]

VM state:not at safepoint (normal execution)

VM Mutex/Monitor currently owned by a thread: None

Heap:
 PSYoungGen      total 38400K, used 5325K [0x00000000eab00000, 0x00000000ed580000, 0x0000000100000000)
  eden space 33280K, 16% used [0x00000000eab00000,0x00000000eb033428,0x00000000ecb80000)
  from space 5120K, 0% used [0x00000000ed080000,0x00000000ed080000,0x00000000ed580000)
  to   space 5120K, 0% used [0x00000000ecb80000,0x00000000ecb80000,0x00000000ed080000)
 ParOldGen       total 87552K, used 0K [0x00000000c0000000, 0x00000000c5580000, 0x00000000eab00000)
  object space 87552K, 0% used [0x00000000c0000000,0x00000000c0000000,0x00000000c5580000)
 Metaspace       used 3400K, capacity 4720K, committed 4864K, reserved 1056768K
  class space    used 371K, capacity 424K, committed 512K, reserved 1048576K

Card table byte_map: [0x00000000116a0000,0x00000000118b0000] byte_map_base: 0x00000000110a0000

Marking Bits: (ParMarkBitMap*) 0x000000006b080600
 Begin Bits: [0x0000000012210000, 0x0000000013210000)
 End Bits:   [0x0000000013210000, 0x0000000014210000)

Polling page: 0x0000000000530000

CodeCache: size=245760Kb used=1381Kb max_used=1393Kb free=244378Kb
 bounds [0x00000000022e0000, 0x0000000002550000, 0x00000000112e0000]
 total_blobs=388 nmethods=145 adapters=156
 compilation: enabled

Compilation events (10 events):
Event: 0.831 Thread 0x0000000016ec7800 nmethod 138 0x000000000242c810 code [0x000000000242c960, 0x000000000242ca58]
Event: 0.831 Thread 0x0000000016ed4800  142       3       com.android.dx.cf.direct.ClassPathOpener::access$000 (6 bytes)
Event: 0.831 Thread 0x0000000016ed4800 nmethod 142 0x00000000024291d0 code [0x0000000002429340, 0x00000000024294a8]
Event: 0.831 Thread 0x0000000016ed4800  144       1       java.lang.String::toString (2 bytes)
Event: 0.831 Thread 0x0000000016ed4800 nmethod 144 0x00000000024396d0 code [0x0000000002439820, 0x0000000002439930]
Event: 0.832 Thread 0x0000000016ecc000 nmethod 143 0x0000000002437e10 code [0x0000000002437f60, 0x0000000002438098]
Event: 0.833 Thread 0x0000000016ed4800  145       3       com.android.dx.cf.direct.ClassPathOpener::compareClassNames (42 bytes)
Event: 0.834 Thread 0x0000000016ed4800 nmethod 145 0x00000000024381d0 code [0x0000000002438420, 0x0000000002439088]
Event: 0.834 Thread 0x0000000016ec7800  146       4       java.util.regex.Pattern$BnM::optimize (179 bytes)
Event: 0.835 Thread 0x0000000016ecc000  147       4       java.util.regex.Matcher::search (109 bytes)

GC Heap History (0 events):
No events

Deoptimization events (0 events):
No events

Internal exceptions (2 events):
Event: 0.132 Thread 0x00000000021e0800 Exception <a 'java/lang/NoSuchMethodError': Method sun.misc.Unsafe.defineClass(Ljava/lang/String;[BII)Ljava/lang/Class; name or signature does not match> (0x00000000eab13120) thrown at [D:\re\puppet\workspace\8-2-build-windows-amd64-cygwin\jdk8u73\6086\hotó¥LÂ‡¿?
Event: 0.132 Thread 0x00000000021e0800 Exception <a 'java/lang/NoSuchMethodError': Method sun.misc.Unsafe.prefetchRead(Ljava/lang/Object;J)V name or signature does not match> (0x00000000eab13408) thrown at [D:\re\puppet\workspace\8-2-build-windows-amd64-cygwin\jdk8u73\6086\hotspot\src\share\vm\

Events (10 events):
Event: 0.754 loading class java/util/regex/Pattern$SliceNode done
Event: 0.754 loading class java/util/regex/Pattern$Slice done
Event: 0.754 loading class java/util/regex/Pattern$BnM
Event: 0.754 loading class java/util/regex/Pattern$BnM done
Event: 0.754 loading class java/util/regex/Pattern$SliceS
Event: 0.754 loading class java/util/regex/Pattern$SliceS done
Event: 0.754 loading class java/util/regex/Matcher
Event: 0.754 loading class java/util/regex/MatchResult
Event: 0.754 loading class java/util/regex/MatchResult done
Event: 0.755 loading class java/util/regex/Matcher done


Dynamic libraries:
0x00007ff728ff0000 - 0x00007ff729027000 	C:\Program Files\Java\jdk1.8.0_73\bin\java.exe
0x00007ffba2900000 - 0x00007ffba2ac1000 	C:\WINDOWS\SYSTEM32\ntdll.dll
0x00007ffba0bc0000 - 0x00007ffba0c6d000 	C:\WINDOWS\system32\KERNEL32.DLL
0x00007ffb9efb0000 - 0x00007ffb9f198000 	C:\WINDOWS\system32\KERNELBASE.dll
0x00007ffba0b10000 - 0x00007ffba0bb7000 	C:\WINDOWS\system32\ADVAPI32.dll
0x00007ffba0c70000 - 0x00007ffba0d0d000 	C:\WINDOWS\system32\msvcrt.dll
0x00007ffba0460000 - 0x00007ffba04bb000 	C:\WINDOWS\system32\sechost.dll
0x00007ffb9fe60000 - 0x00007ffb9ff7c000 	C:\WINDOWS\system32\RPCRT4.dll
0x00007ffba04f0000 - 0x00007ffba0646000 	C:\WINDOWS\system32\USER32.dll
0x00007ffba0980000 - 0x00007ffba0b06000 	C:\WINDOWS\system32\GDI32.dll
0x00007ffb91bd0000 - 0x00007ffb91e44000 	C:\WINDOWS\WinSxS\amd64_microsoft.windows.common-controls_6595b64144ccf1df_6.0.10586.0_none_8c15ae12515e1c22\COMCTL32.dll
0x00007ffba01e0000 - 0x00007ffba045d000 	C:\WINDOWS\system32\combase.dll
0x00007ffb9f250000 - 0x00007ffb9f2ba000 	C:\WINDOWS\system32\bcryptPrimitives.dll
0x00007ffba0e60000 - 0x00007ffba0e9b000 	C:\WINDOWS\system32\IMM32.DLL
0x000000006a790000 - 0x000000006a862000 	C:\Program Files\Java\jdk1.8.0_73\jre\bin\msvcr100.dll
0x000000006a870000 - 0x000000006b100000 	C:\Program Files\Java\jdk1.8.0_73\jre\bin\server\jvm.dll
0x00007ffba04e0000 - 0x00007ffba04e8000 	C:\WINDOWS\system32\PSAPI.DLL
0x00007ffb971f0000 - 0x00007ffb971f9000 	C:\WINDOWS\SYSTEM32\WSOCK32.dll
0x00007ffba0d10000 - 0x00007ffba0d7b000 	C:\WINDOWS\system32\WS2_32.dll
0x00007ffb9d510000 - 0x00007ffb9d533000 	C:\WINDOWS\SYSTEM32\WINMM.dll
0x00007ffb97a30000 - 0x00007ffb97a3a000 	C:\WINDOWS\SYSTEM32\VERSION.dll
0x00007ffb9d4e0000 - 0x00007ffb9d50c000 	C:\WINDOWS\SYSTEM32\WINMMBASE.dll
0x00007ffb9fc50000 - 0x00007ffb9fc93000 	C:\WINDOWS\system32\cfgmgr32.dll
0x000000006a780000 - 0x000000006a78f000 	C:\Program Files\Java\jdk1.8.0_73\jre\bin\verify.dll
0x000000006a750000 - 0x000000006a779000 	C:\Program Files\Java\jdk1.8.0_73\jre\bin\java.dll
0x000000006a730000 - 0x000000006a746000 	C:\Program Files\Java\jdk1.8.0_73\jre\bin\zip.dll
0x00007ffba0ea0000 - 0x00007ffba23fc000 	C:\WINDOWS\system32\SHELL32.dll
0x00007ffb9f380000 - 0x00007ffb9f9c5000 	C:\WINDOWS\system32\windows.storage.dll
0x00007ffba2470000 - 0x00007ffba24c2000 	C:\WINDOWS\system32\shlwapi.dll
0x00007ffb9ef70000 - 0x00007ffb9ef7f000 	C:\WINDOWS\system32\kernel.appcore.dll
0x00007ffb9f2c0000 - 0x00007ffb9f375000 	C:\WINDOWS\system32\shcore.dll
0x00007ffb9ef20000 - 0x00007ffb9ef6b000 	C:\WINDOWS\system32\powrprof.dll
0x00007ffb9ef90000 - 0x00007ffb9efa4000 	C:\WINDOWS\system32\profapi.dll

VM Arguments:
jvm_args: -Djava.awt.headless=true -Xmx1024M -Dfile.encoding=windows-1257 -Duser.country=US -Duser.language=en -Duser.variant 
java_command: com.android.dx.command.Main --dex --num-threads=4 --output C:\Users\AndroidStudio\AndroidStudioProjects\Kalkulaator_I\app\build\intermediates\pre-dexed\release\com.android.support-support-v4-23.1.1_befe86b0baef61892cfe92c0d6702bdb31e78585.jar C:\Users\AndroidStudio\AndroidStudioProjects\Kalkulaator_I\app\build\intermediates\exploded-aar\com.android.support\support-v4\23.1.1\jars\classes.jar
java_class_path (initial): C:\Users\AndroidStudio\AppData\Local\Android\sdk\build-tools\23.0.2\lib\dx.jar
Launcher Type: SUN_STANDARD

Environment Variables:
PATH=C:\ProgramData\Oracle\Java\javapath;C:\WINDOWS\system32;C:\WINDOWS;C:\WINDOWS\System32\Wbem;C:\WINDOWS\System32\WindowsPowerShell\v1.0\
USERNAME=AndroidStudio
OS=Windows_NT
PROCESSOR_IDENTIFIER=Intel64 Family 6 Model 45 Stepping 7, GenuineIntel



---------------  S Y S T E M  ---------------

OS: Windows 10.0 , 64 bit Build 10586 (10.0.10586.0)

CPU:total 8 (4 cores per cpu, 1 threads per core) family 6 model 45 stepping 7, cmov, cx8, fxsr, mmx, sse, sse2, sse3, ssse3, sse4.1, sse4.2, popcnt, avx, aes, clmul, tsc, tscinvbit, tscinv

Memory: 4k page, physical 8388148k(2812676k free), swap 8388148k(3512k free)

vm_info: Java HotSpot(TM) 64-Bit Server VM (25.73-b02) for windows-amd64 JRE (1.8.0_73-b02), built on Jan 29 2016 17:38:49 by "java_re" with MS VC++ 10.0 (VS2010)

time: Thu Mar 03 15:41:19 2016
elapsed time: 0 seconds (0d 0h 0m 0s)

