#
# There is insufficient memory for the Java Runtime Environment to continue.
# Native memory allocation (malloc) failed to allocate 22536 bytes for AllocateHeap
# Possible reasons:
#   The system is out of physical RAM or swap space
#   In 32 bit mode, the process size limit was hit
# Possible solutions:
#   Reduce memory load on the system
#   Increase physical memory or swap space
#   Check if swap backing store is full
#   Use 64 bit Java on a 64 bit OS
#   Decrease Java heap size (-Xmx/-Xms)
#   Decrease number of Java threads
#   Decrease Java thread stack sizes (-Xss)
#   Set larger code cache with -XX:ReservedCodeCacheSize=
# This output file may be truncated or incomplete.
#
#  Out of Memory Error (memory/allocation.inline.hpp:61), pid=2688, tid=4328
#
# JRE version:  (8.0_73-b02) (build )
# Java VM: Java HotSpot(TM) 64-Bit Server VM (25.73-b02 mixed mode windows-amd64 compressed oops)
# Failed to write core dump. Minidumps are not enabled by default on client versions of Windows
#

---------------  T H R E A D  ---------------

Current thread (0x0000000014edd800):  JavaThread "Reference Handler" daemon [_thread_in_vm, id=4328, stack(0x0000000016ca0000,0x0000000016da0000)]

Stack: [0x0000000016ca0000,0x0000000016da0000]
[error occurred during error reporting (printing stack bounds), id 0xc0000005]

Native frames: (J=compiled Java code, j=interpreted, Vv=VM code, C=native code)

Java frames: (J=compiled Java code, j=interpreted, Vv=VM code)
j  java.lang.Object.wait(J)V+0
j  java.lang.Object.wait()V+2
j  java.lang.ref.Reference$ReferenceHandler.run()V+36
v  ~StubRoutines::call_stub

---------------  P R O C E S S  ---------------

Java Threads: ( => current thread )
  0x00000000023b4000 JavaThread "Finalizer" daemon [_thread_blocked, id=4384, stack(0x0000000016ea0000,0x0000000016fa0000)]
=>0x0000000014edd800 JavaThread "Reference Handler" daemon [_thread_in_vm, id=4328, stack(0x0000000016ca0000,0x0000000016da0000)]
  0x00000000022c0800 JavaThread "main" [_thread_in_native, id=6472, stack(0x0000000002110000,0x0000000002210000)]

Other Threads:
  0x0000000014ed9000 VMThread [stack: 0x0000000016ba0000,0x0000000016ca0000] [id=7108]

VM state:not at safepoint (normal execution)

VM Mutex/Monitor currently owned by a thread: None

Heap:
 PSYoungGen      total 38400K, used 1331K [0x00000000eab00000, 0x00000000ed580000, 0x0000000100000000)
  eden space 33280K, 4% used [0x00000000eab00000,0x00000000eac4cd80,0x00000000ecb80000)
  from space 5120K, 0% used [0x00000000ed080000,0x00000000ed080000,0x00000000ed580000)
  to   space 5120K, 0% used [0x00000000ecb80000,0x00000000ecb80000,0x00000000ed080000)
 ParOldGen       total 87552K, used 0K [0x00000000c0000000, 0x00000000c5580000, 0x00000000eab00000)
  object space 87552K, 0% used [0x00000000c0000000,0x00000000c0000000,0x00000000c5580000)
 Metaspace       used 961K, capacity 4480K, committed 4480K, reserved 1056768K
  class space    used 99K, capacity 384K, committed 384K, reserved 1048576K

Card table byte_map: [0x0000000011780000,0x0000000011990000] byte_map_base: 0x0000000011180000

Marking Bits: (ParMarkBitMap*) 0x0000000070ac0600
 Begin Bits: [0x00000000122f0000, 0x00000000132f0000)
 End Bits:   [0x00000000132f0000, 0x00000000142f0000)

Polling page: 0x0000000000580000

CodeCache: size=245760Kb used=402Kb max_used=402Kb free=245357Kb
 bounds [0x00000000023c0000, 0x0000000002630000, 0x00000000113c0000]
 total_blobs=99 nmethods=0 adapters=73
 compilation: enabled

Compilation events (0 events):
No events

GC Heap History (0 events):
No events

Deoptimization events (0 events):
No events

Internal exceptions (0 events):
No events

Events (10 events):
Event: 0.041 loading class sun/reflect/ReflectionFactory done
Event: 0.041 loading class java/lang/ref/Reference$Lock
Event: 0.042 loading class java/lang/ref/Reference$Lock done
Event: 0.042 loading class java/lang/ref/Reference$ReferenceHandler
Event: 0.042 loading class java/lang/ref/Reference$ReferenceHandler done
Event: 0.042 Thread 0x0000000014edd800 Thread added: 0x0000000014edd800
Event: 0.042 loading class java/lang/ref/ReferenceQueue
Event: 0.042 loading class java/lang/ref/ReferenceQueue done
Event: 0.042 loading class java/lang/ref/ReferenceQueue$Null
Event: 0.042 loading class java/lang/ref/ReferenceQueue$Null done


Dynamic libraries:
0x00007ff643fa0000 - 0x00007ff643fd7000 	C:\Program Files\Java\jdk1.8.0_73\bin\java.exe
0x00007ff93f380000 - 0x00007ff93f541000 	C:\WINDOWS\SYSTEM32\ntdll.dll
0x00007ff93c7f0000 - 0x00007ff93c89d000 	C:\WINDOWS\system32\KERNEL32.DLL
0x00007ff93c590000 - 0x00007ff93c778000 	C:\WINDOWS\system32\KERNELBASE.dll
0x00007ff93ca00000 - 0x00007ff93caa7000 	C:\WINDOWS\system32\ADVAPI32.dll
0x00007ff93e860000 - 0x00007ff93e8fd000 	C:\WINDOWS\system32\msvcrt.dll
0x00007ff93f320000 - 0x00007ff93f37b000 	C:\WINDOWS\system32\sechost.dll
0x00007ff93f1a0000 - 0x00007ff93f2bc000 	C:\WINDOWS\system32\RPCRT4.dll
0x00007ff93eb10000 - 0x00007ff93ec66000 	C:\WINDOWS\system32\USER32.dll
0x00007ff93ee30000 - 0x00007ff93efb6000 	C:\WINDOWS\system32\GDI32.dll
0x00007ff92ef00000 - 0x00007ff92f174000 	C:\WINDOWS\WinSxS\amd64_microsoft.windows.common-controls_6595b64144ccf1df_6.0.10586.0_none_8c15ae12515e1c22\COMCTL32.dll
0x00007ff93cbf0000 - 0x00007ff93ce6d000 	C:\WINDOWS\system32\combase.dll
0x00007ff93bda0000 - 0x00007ff93be0a000 	C:\WINDOWS\system32\bcryptPrimitives.dll
0x00007ff93e3d0000 - 0x00007ff93e40b000 	C:\WINDOWS\system32\IMM32.DLL
0x00000000701d0000 - 0x00000000702a2000 	C:\Program Files\Java\jdk1.8.0_73\jre\bin\msvcr100.dll
0x00000000702b0000 - 0x0000000070b40000 	C:\Program Files\Java\jdk1.8.0_73\jre\bin\server\jvm.dll
0x00007ff93c8a0000 - 0x00007ff93c8a8000 	C:\WINDOWS\system32\PSAPI.DLL
0x00007ff934040000 - 0x00007ff934049000 	C:\WINDOWS\SYSTEM32\WSOCK32.dll
0x00007ff939ad0000 - 0x00007ff939af3000 	C:\WINDOWS\SYSTEM32\WINMM.dll
0x00007ff93c780000 - 0x00007ff93c7eb000 	C:\WINDOWS\system32\WS2_32.dll
0x00007ff935080000 - 0x00007ff93508a000 	C:\WINDOWS\SYSTEM32\VERSION.dll
0x0000000000510000 - 0x000000000053c000 	C:\WINDOWS\SYSTEM32\WINMMBASE.dll
0x00007ff93c540000 - 0x00007ff93c583000 	C:\WINDOWS\system32\cfgmgr32.dll
0x00000000701c0000 - 0x00000000701cf000 	C:\Program Files\Java\jdk1.8.0_73\jre\bin\verify.dll
0x0000000070190000 - 0x00000000701b9000 	C:\Program Files\Java\jdk1.8.0_73\jre\bin\java.dll
0x0000000070170000 - 0x0000000070186000 	C:\Program Files\Java\jdk1.8.0_73\jre\bin\zip.dll
0x00007ff93ce70000 - 0x00007ff93e3cc000 	C:\WINDOWS\system32\SHELL32.dll
0x00007ff93be10000 - 0x00007ff93c455000 	C:\WINDOWS\system32\windows.storage.dll
0x00007ff93f2c0000 - 0x00007ff93f312000 	C:\WINDOWS\system32\shlwapi.dll

VM Arguments:
jvm_args: -Djava.awt.headless=true -Xmx1024M -Dfile.encoding=windows-1257 -Duser.country=US -Duser.language=en -Duser.variant 
java_command: com.android.dx.command.Main --dex --num-threads=4 --output C:\Users\AndroidStudio\AndroidStudioProjects\Kalkulaator_I\app\build\intermediates\pre-dexed\release\support-annotations-23.1.1_4dac2ae3dcce5cfa38217e7a0acf4f992d1d38d4.jar C:\Users\AndroidStudio\AppData\Local\Android\sdk\extras\android\m2repository\com\android\support\support-annotations\23.1.1\support-annotations-23.1.1.jar
java_class_path (initial): C:\Users\AndroidStudio\AppData\Local\Android\sdk\build-tools\23.0.2\lib\dx.jar
Launcher Type: SUN_STANDARD

Environment Variables:
PATH=C:\ProgramData\Oracle\Java\javapath;C:\WINDOWS\system32;C:\WINDOWS;C:\WINDOWS\System32\Wbem;C:\WINDOWS\System32\WindowsPowerShell\v1.0\
USERNAME=AndroidStudio
OS=Windows_NT
PROCESSOR_IDENTIFIER=Intel64 Family 6 Model 45 Stepping 7, GenuineIntel



---------------  S Y S T E M  ---------------

OS: Windows 10.0 , 64 bit Build 10586 (10.0.10586.0)

CPU:total 8 (4 cores per cpu, 1 threads per core) family 6 model 45 stepping 7, cmov, cx8, fxsr, mmx, sse, sse2, sse3, ssse3, sse4.1, sse4.2, popcnt, avx, aes, clmul, tsc, tscinvbit, tscinv

Memory: 4k page, physical 8388148k(2813668k free), swap 8388148k(3780k free)

vm_info: Java HotSpot(TM) 64-Bit Server VM (25.73-b02) for windows-amd64 JRE (1.8.0_73-b02), built on Jan 29 2016 17:38:49 by "java_re" with MS VC++ 10.0 (VS2010)

time: Wed Mar 02 21:29:28 2016
elapsed time: 0 seconds (0d 0h 0m 0s)

