#
# There is insufficient memory for the Java Runtime Environment to continue.
# Native memory allocation (malloc) failed to allocate 194064 bytes for Chunk::new
# Possible reasons:
#   The system is out of physical RAM or swap space
#   In 32 bit mode, the process size limit was hit
# Possible solutions:
#   Reduce memory load on the system
#   Increase physical memory or swap space
#   Check if swap backing store is full
#   Use 64 bit Java on a 64 bit OS
#   Decrease Java heap size (-Xmx/-Xms)
#   Decrease number of Java threads
#   Decrease Java thread stack sizes (-Xss)
#   Set larger code cache with -XX:ReservedCodeCacheSize=
# This output file may be truncated or incomplete.
#
#  Out of Memory Error (allocation.cpp:390), pid=5428, tid=6992
#
# JRE version: Java(TM) SE Runtime Environment (8.0_73-b02) (build 1.8.0_73-b02)
# Java VM: Java HotSpot(TM) 64-Bit Server VM (25.73-b02 mixed mode windows-amd64 compressed oops)
# Failed to write core dump. Minidumps are not enabled by default on client versions of Windows
#

---------------  T H R E A D  ---------------

Current thread (0x0000000016f3f800):  JavaThread "C2 CompilerThread2" daemon [_thread_in_native, id=6992, stack(0x0000000017710000,0x0000000017810000)]

Stack: [0x0000000017710000,0x0000000017810000]
[error occurred during error reporting (printing stack bounds), id 0xc0000005]

Native frames: (J=compiled Java code, j=interpreted, Vv=VM code, C=native code)


Current CompileTask:
C2:    965  814       4       com.android.dx.ssa.NormalSsaInsn::mapSourceRegisters (48 bytes)


---------------  P R O C E S S  ---------------

Java Threads: ( => current thread )
  0x0000000017b1a800 JavaThread "pool-1-thread-4" [_thread_in_Java, id=2936, stack(0x0000000018710000,0x0000000018810000)]
  0x0000000017b1a000 JavaThread "pool-1-thread-3" [_thread_in_Java, id=5348, stack(0x0000000018610000,0x0000000018710000)]
  0x0000000017b17000 JavaThread "pool-1-thread-2" [_thread_blocked, id=4608, stack(0x0000000018510000,0x0000000018610000)]
  0x000000001723d000 JavaThread "pool-2-thread-1" [_thread_blocked, id=2120, stack(0x0000000018410000,0x0000000018510000)]
  0x0000000017299000 JavaThread "pool-1-thread-1" [_thread_in_vm, id=5192, stack(0x0000000018310000,0x0000000018410000)]
  0x0000000016f9c000 JavaThread "Service Thread" daemon [_thread_blocked, id=3268, stack(0x0000000017910000,0x0000000017a10000)]
  0x0000000016f98000 JavaThread "C1 CompilerThread3" daemon [_thread_blocked, id=6952, stack(0x0000000017810000,0x0000000017910000)]
=>0x0000000016f3f800 JavaThread "C2 CompilerThread2" daemon [_thread_in_native, id=6992, stack(0x0000000017710000,0x0000000017810000)]
  0x0000000016f3c800 JavaThread "C2 CompilerThread1" daemon [_thread_blocked, id=4908, stack(0x0000000017610000,0x0000000017710000)]
  0x0000000016f38000 JavaThread "C2 CompilerThread0" daemon [_thread_blocked, id=5360, stack(0x0000000017510000,0x0000000017610000)]
  0x0000000016f37000 JavaThread "Attach Listener" daemon [_thread_blocked, id=6816, stack(0x0000000017410000,0x0000000017510000)]
  0x0000000016f36800 JavaThread "Signal Dispatcher" daemon [_thread_blocked, id=1652, stack(0x0000000017310000,0x0000000017410000)]
  0x0000000014e2d000 JavaThread "Finalizer" daemon [_thread_blocked, id=6708, stack(0x0000000016d30000,0x0000000016e30000)]
  0x0000000014e2c800 JavaThread "Reference Handler" daemon [_thread_blocked, id=7112, stack(0x0000000016c30000,0x0000000016d30000)]
  0x0000000002210800 JavaThread "main" [_thread_blocked, id=6036, stack(0x0000000002090000,0x0000000002190000)]

Other Threads:
  0x0000000014e2a800 VMThread [stack: 0x0000000016b30000,0x0000000016c30000] [id=5164]
  0x0000000016fa9000 WatcherThread [stack: 0x0000000017a10000,0x0000000017b10000] [id=6812]

VM state:not at safepoint (normal execution)

VM Mutex/Monitor currently owned by a thread: None

Heap:
 PSYoungGen      total 38400K, used 22669K [0x00000000eab00000, 0x00000000ed580000, 0x0000000100000000)
  eden space 33280K, 68% used [0x00000000eab00000,0x00000000ec123620,0x00000000ecb80000)
  from space 5120K, 0% used [0x00000000ed080000,0x00000000ed080000,0x00000000ed580000)
  to   space 5120K, 0% used [0x00000000ecb80000,0x00000000ecb80000,0x00000000ed080000)
 ParOldGen       total 87552K, used 0K [0x00000000c0000000, 0x00000000c5580000, 0x00000000eab00000)
  object space 87552K, 0% used [0x00000000c0000000,0x00000000c0000000,0x00000000c5580000)
 Metaspace       used 5788K, capacity 6768K, committed 7040K, reserved 1058816K
  class space    used 598K, capacity 616K, committed 640K, reserved 1048576K

Card table byte_map: [0x00000000116d0000,0x00000000118e0000] byte_map_base: 0x00000000110d0000

Marking Bits: (ParMarkBitMap*) 0x000000006b080600
 Begin Bits: [0x0000000012240000, 0x0000000013240000)
 End Bits:   [0x0000000013240000, 0x0000000014240000)

Polling page: 0x00000000007f0000

CodeCache: size=245760Kb used=3049Kb max_used=3061Kb free=242710Kb
 bounds [0x0000000002310000, 0x0000000002620000, 0x0000000011310000]
 total_blobs=1055 nmethods=785 adapters=182
 compilation: disabled (not enough contiguous free space left)

Compilation events (10 events):
Event: 0.848 Thread 0x0000000016f3f800  813       4       java.util.BitSet::recalculateWordsInUse (39 bytes)
Event: 0.849 Thread 0x0000000016f3f800 nmethod 813 0x00000000026097d0 code [0x0000000002609900, 0x00000000026099b8]
Event: 0.849 Thread 0x0000000016f3f800  812       4       java.util.AbstractList::<init> (10 bytes)
Event: 0.849 Thread 0x0000000016f3f800 nmethod 812 0x00000000025ef410 code [0x00000000025ef540, 0x00000000025ef598]
Event: 0.849 Thread 0x0000000016f3f800  811   !   4       com.android.dx.rop.code.RegisterSpecSet::put (104 bytes)
Event: 0.953 Thread 0x0000000016f3f800 nmethod 811 0x000000000260d610 code [0x000000000260d780, 0x000000000260da18]
Event: 0.953 Thread 0x0000000016f3f800  814       4       com.android.dx.ssa.NormalSsaInsn::mapSourceRegisters (48 bytes)
Event: 0.957 Thread 0x0000000016f38000 

Event: 0.958 Thread 0x0000000016f98000 

Event: 0.961 Thread 0x0000000016f3c800 


GC Heap History (0 events):
No events

Deoptimization events (4 events):
Event: 0.649 Thread 0x0000000017b17000 Uncommon trap: reason=unstable_if action=reinterpret pc=0x0000000002530ec0 method=java.util.HashMap.getNode(ILjava/lang/Object;)Ljava/util/HashMap$Node; @ 62
Event: 0.773 Thread 0x0000000017299000 Uncommon trap: reason=unstable_if action=reinterpret pc=0x000000000258990c method=com.android.dx.rop.code.LocalItem.hashCode()I @ 25
Event: 0.951 Thread 0x0000000017b1a000 Uncommon trap: reason=unstable_if action=reinterpret pc=0x000000000252a3b0 method=java.util.BitSet.nextSetBit(I)I @ 87
Event: 0.961 Thread 0x0000000017b17000 Uncommon trap: reason=unstable_if action=reinterpret pc=0x0000000002552e4c method=java.util.HashMap.getNode(ILjava/lang/Object;)Ljava/util/HashMap$Node; @ 129

Internal exceptions (2 events):
Event: 0.063 Thread 0x0000000002210800 Exception <a 'java/lang/NoSuchMethodError': Method sun.misc.Unsafe.defineClass(Ljava/lang/String;[BII)Ljava/lang/Class; name or signature does not match> (0x00000000eab13120) thrown at [D:\re\puppet\workspace\8-2-build-windows-amd64-cygwin\jdk8u73\6086\hotркgБА?
Event: 0.063 Thread 0x0000000002210800 Exception <a 'java/lang/NoSuchMethodError': Method sun.misc.Unsafe.prefetchRead(Ljava/lang/Object;J)V name or signature does not match> (0x00000000eab13408) thrown at [D:\re\puppet\workspace\8-2-build-windows-amd64-cygwin\jdk8u73\6086\hotspot\src\share\vm\

Events (10 events):
Event: 0.842 loading class com/android/dx/cf/attrib/AttRuntimeVisibleAnnotations
Event: 0.842 loading class com/android/dx/cf/attrib/AttRuntimeVisibleAnnotations done
Event: 0.849 Executing VM operation: CollectForMetadataAllocation
Event: 0.950 Executing VM operation: CollectForMetadataAllocation done
Event: 0.951 Thread 0x0000000017b1a000 Uncommon trap: trap_request=0xffffff65 fr.pc=0x000000000252a3b0
Event: 0.951 Thread 0x0000000017b1a000 DEOPT PACKING pc=0x000000000252a3b0 sp=0x000000001870ef30
Event: 0.951 Thread 0x0000000017b1a000 DEOPT UNPACKING pc=0x000000000235582a sp=0x000000001870eec8 mode 2
Event: 0.961 Thread 0x0000000017b17000 Uncommon trap: trap_request=0xffffff65 fr.pc=0x0000000002552e4c
Event: 0.961 Thread 0x0000000017b17000 DEOPT PACKING pc=0x0000000002552e4c sp=0x000000001860ef00
Event: 0.961 Thread 0x0000000017b17000 DEOPT UNPACKING pc=0x000000000235582a sp=0x000000001860ee20 mode 2


Dynamic libraries:
0x00007ff728ff0000 - 0x00007ff729027000 	C:\Program Files\Java\jdk1.8.0_73\bin\java.exe
0x00007ffba2900000 - 0x00007ffba2ac1000 	C:\WINDOWS\SYSTEM32\ntdll.dll
0x00007ffba0bc0000 - 0x00007ffba0c6d000 	C:\WINDOWS\system32\KERNEL32.DLL
0x00007ffb9efb0000 - 0x00007ffb9f198000 	C:\WINDOWS\system32\KERNELBASE.dll
0x00007ffba0b10000 - 0x00007ffba0bb7000 	C:\WINDOWS\system32\ADVAPI32.dll
0x00007ffba0c70000 - 0x00007ffba0d0d000 	C:\WINDOWS\system32\msvcrt.dll
0x00007ffba0460000 - 0x00007ffba04bb000 	C:\WINDOWS\system32\sechost.dll
0x00007ffb9fe60000 - 0x00007ffb9ff7c000 	C:\WINDOWS\system32\RPCRT4.dll
0x00007ffba04f0000 - 0x00007ffba0646000 	C:\WINDOWS\system32\USER32.dll
0x00007ffba0980000 - 0x00007ffba0b06000 	C:\WINDOWS\system32\GDI32.dll
0x00007ffb91bd0000 - 0x00007ffb91e44000 	C:\WINDOWS\WinSxS\amd64_microsoft.windows.common-controls_6595b64144ccf1df_6.0.10586.0_none_8c15ae12515e1c22\COMCTL32.dll
0x00007ffba01e0000 - 0x00007ffba045d000 	C:\WINDOWS\system32\combase.dll
0x00007ffb9f250000 - 0x00007ffb9f2ba000 	C:\WINDOWS\system32\bcryptPrimitives.dll
0x00007ffba0e60000 - 0x00007ffba0e9b000 	C:\WINDOWS\system32\IMM32.DLL
0x000000006a790000 - 0x000000006a862000 	C:\Program Files\Java\jdk1.8.0_73\jre\bin\msvcr100.dll
0x000000006a870000 - 0x000000006b100000 	C:\Program Files\Java\jdk1.8.0_73\jre\bin\server\jvm.dll
0x00007ffba04e0000 - 0x00007ffba04e8000 	C:\WINDOWS\system32\PSAPI.DLL
0x00007ffb971f0000 - 0x00007ffb971f9000 	C:\WINDOWS\SYSTEM32\WSOCK32.dll
0x00007ffba0d10000 - 0x00007ffba0d7b000 	C:\WINDOWS\system32\WS2_32.dll
0x00007ffb9d510000 - 0x00007ffb9d533000 	C:\WINDOWS\SYSTEM32\WINMM.dll
0x00007ffb97a30000 - 0x00007ffb97a3a000 	C:\WINDOWS\SYSTEM32\VERSION.dll
0x00007ffb9d4e0000 - 0x00007ffb9d50c000 	C:\WINDOWS\SYSTEM32\WINMMBASE.dll
0x00007ffb9fc50000 - 0x00007ffb9fc93000 	C:\WINDOWS\system32\cfgmgr32.dll
0x000000006a780000 - 0x000000006a78f000 	C:\Program Files\Java\jdk1.8.0_73\jre\bin\verify.dll
0x000000006a750000 - 0x000000006a779000 	C:\Program Files\Java\jdk1.8.0_73\jre\bin\java.dll
0x000000006a730000 - 0x000000006a746000 	C:\Program Files\Java\jdk1.8.0_73\jre\bin\zip.dll
0x00007ffba0ea0000 - 0x00007ffba23fc000 	C:\WINDOWS\system32\SHELL32.dll
0x00007ffb9f380000 - 0x00007ffb9f9c5000 	C:\WINDOWS\system32\windows.storage.dll
0x00007ffba2470000 - 0x00007ffba24c2000 	C:\WINDOWS\system32\shlwapi.dll
0x00007ffb9ef70000 - 0x00007ffb9ef7f000 	C:\WINDOWS\system32\kernel.appcore.dll
0x00007ffb9f2c0000 - 0x00007ffb9f375000 	C:\WINDOWS\system32\shcore.dll
0x00007ffb9ef20000 - 0x00007ffb9ef6b000 	C:\WINDOWS\system32\powrprof.dll
0x00007ffb9ef90000 - 0x00007ffb9efa4000 	C:\WINDOWS\system32\profapi.dll

VM Arguments:
jvm_args: -Djava.awt.headless=true -Xmx1024M -Dfile.encoding=windows-1257 -Duser.country=US -Duser.language=en -Duser.variant 
java_command: com.android.dx.command.Main --dex --num-threads=4 --output C:\Users\AndroidStudio\AndroidStudioProjects\Kalkulaator_I\app\build\intermediates\pre-dexed\release\com.android.support-design-23.1.1_2c2bc732737f7800672988ebce01fdd4817caa2d.jar C:\Users\AndroidStudio\AndroidStudioProjects\Kalkulaator_I\app\build\intermediates\exploded-aar\com.android.support\design\23.1.1\jars\classes.jar
java_class_path (initial): C:\Users\AndroidStudio\AppData\Local\Android\sdk\build-tools\23.0.2\lib\dx.jar
Launcher Type: SUN_STANDARD

Environment Variables:
PATH=C:\ProgramData\Oracle\Java\javapath;C:\WINDOWS\system32;C:\WINDOWS;C:\WINDOWS\System32\Wbem;C:\WINDOWS\System32\WindowsPowerShell\v1.0\
USERNAME=AndroidStudio
OS=Windows_NT
PROCESSOR_IDENTIFIER=Intel64 Family 6 Model 45 Stepping 7, GenuineIntel



---------------  S Y S T E M  ---------------

OS: Windows 10.0 , 64 bit Build 10586 (10.0.10586.0)

CPU:total 8 (4 cores per cpu, 1 threads per core) family 6 model 45 stepping 7, cmov, cx8, fxsr, mmx, sse, sse2, sse3, ssse3, sse4.1, sse4.2, popcnt, avx, aes, clmul, tsc, tscinvbit, tscinv

Memory: 4k page, physical 8388148k(2800428k free), swap 8388148k(2040k free)

vm_info: Java HotSpot(TM) 64-Bit Server VM (25.73-b02) for windows-amd64 JRE (1.8.0_73-b02), built on Jan 29 2016 17:38:49 by "java_re" with MS VC++ 10.0 (VS2010)

time: Thu Mar 03 15:41:19 2016
elapsed time: 0 seconds (0d 0h 0m 0s)

